[91m#################################################
[0m[31mworkspace[0m
[31m├── [32mLICENSE.txt[0m
[31m├── [32mtest[0m
[31m├── [34m.git[0m
[31m│   ├── [32mHEAD[0m
[31m│   ├── [34mobjects[0m
[31m│   │   ├── [34mpack[0m
[31m│   │   ├── [34ma5[0m
[31m│   │   │   ├── [32m7eabd82582b9a9aa08541e88b4ff1d8b877a1a[0m
[31m│   │   │   └── [32m48296f4910c8fd3f9a7daa8db46b7783ee82aa[0m
[31m│   │   ├── [34m20[0m
[31m│   │   │   └── [32mbf5f915289fc433baf2ef239b84239c8c2516d[0m
[31m│   │   ├── [34m45[0m
[31m│   │   │   └── [32m669ad5113518bf0e4a7965f2e26237750f5e4e[0m
[31m│   │   ├── [34m1b[0m
[31m│   │   │   └── [32me01099f4c60996ca745bdabb708bf64b7298b6[0m
[31m│   │   ├── [34m51[0m
[31m│   │   │   └── [32m4dae226d747310fd8a4621dcd6cbb8b1dc420d[0m
[31m│   │   ├── [34m77[0m
[31m│   │   │   └── [32md6f4ca23711533e724789a0a0045eab28c5ea6[0m
[31m│   │   ├── [34mf2[0m
[31m│   │   │   └── [32m2560d7ff01bb16ca145420cd54cbceee78d6d0[0m
[31m│   │   ├── [34mca[0m
[31m│   │   │   └── [32mc9823e786a11bcf38df2b66cdbcb5e61ebf23b[0m
[31m│   │   ├── [34m71[0m
[31m│   │   │   └── [32m5dde02a154e818b07a5c7f14604e55dbdd9d93[0m
[31m│   │   ├── [34m37[0m
[31m│   │   │   └── [32m4808bdd64b167c234345a05a8e94fb0a79cf31[0m
[31m│   │   ├── [34minfo[0m
[31m│   │   ├── [34m3e[0m
[31m│   │   │   └── [32m9eaa8ef592b9870e2887c20183cf3c9740e63b[0m
[31m│   │   ├── [34m3b[0m
[31m│   │   │   └── [32md3b5a80009b500e3e466ba237cbd6b49c60ec5[0m
[31m│   │   ├── [34m6b[0m
[31m│   │   │   └── [32m235cfec2aa3378fa28a0c3f0b53bf2799e0a33[0m
[31m│   │   ├── [34mf9[0m
[31m│   │   │   └── [32m1478a99a4ed6bcb915c9031bf474635bd91cb7[0m
[31m│   │   ├── [34m03[0m
[31m│   │   │   └── [32mfe07576ca58e770d8d468c81644bf4921115c2[0m
[31m│   │   ├── [34m16[0m
[31m│   │   │   └── [32m9c70f42a95a91e6fe48f702f349feb93529315[0m
[31m│   │   ├── [34m1f[0m
[31m│   │   │   └── [32macfbac556f8e938d75ba6e53d8be00eb5c2ae6[0m
[31m│   │   ├── [34m50[0m
[31m│   │   │   └── [32me2e48694a5d901531796976de8f30e7b1f3c32[0m
[31m│   │   ├── [34m64[0m
[31m│   │   │   └── [32md90a53165d2a7ccf5ddabfa0b0aefa1ff95d16[0m
[31m│   │   ├── [34m9b[0m
[31m│   │   │   └── [32m317957af533449a77c751239b07efd31aa697e[0m
[31m│   │   └── [34m0f[0m
[31m│   │       └── [32m8971bd9942a347ea402b0b5e5979b0405e1e30[0m
[31m│   ├── [32mconfig[0m
[31m│   ├── [32mFETCH_HEAD[0m
[31m│   ├── [34minfo[0m
[31m│   │   └── [32mexclude[0m
[31m│   ├── [34mhooks[0m
[31m│   │   ├── [32mpush-to-checkout.sample[0m
[31m│   │   ├── [32mprepare-commit-msg.sample[0m
[31m│   │   ├── [32mpre-rebase.sample[0m
[31m│   │   ├── [32mfsmonitor-watchman.sample[0m
[31m│   │   ├── [32mpost-update.sample[0m
[31m│   │   ├── [32mpre-push.sample[0m
[31m│   │   ├── [32mpre-commit.sample[0m
[31m│   │   ├── [32mapplypatch-msg.sample[0m
[31m│   │   ├── [32mpre-merge-commit.sample[0m
[31m│   │   ├── [32mpre-receive.sample[0m
[31m│   │   ├── [32mpre-applypatch.sample[0m
[31m│   │   ├── [32mcommit-msg.sample[0m
[31m│   │   ├── [32msendemail-validate.sample[0m
[31m│   │   └── [32mupdate.sample[0m
[31m│   ├── [32mshallow[0m
[31m│   ├── [34mrefs[0m
[31m│   │   ├── [34mheads[0m
[31m│   │   │   └── [32mmain[0m
[31m│   │   ├── [34mremotes[0m
[31m│   │   │   └── [34morigin[0m
[31m│   │   │       └── [32mmain[0m
[31m│   │   └── [34mtags[0m
[31m│   ├── [32mdescription[0m
[31m│   ├── [34mbranches[0m
[31m│   ├── [34mlogs[0m
[31m│   │   ├── [32mHEAD[0m
[31m│   │   └── [34mrefs[0m
[31m│   │       ├── [34mheads[0m
[31m│   │       │   └── [32mmain[0m
[31m│   │       └── [34mremotes[0m
[31m│   │           └── [34morigin[0m
[31m│   │               └── [32mmain[0m
[31m│   └── [32mindex[0m
[31m├── [32mversion.txt[0m
[31m├── [34mfigures[0m
[31m│   ├── [32mEducation_white_background.png[0m
[31m│   ├── [32mEducation_black_background.png[0m
[31m│   ├── [32mPEP8-StyleGuide.jpg[0m
[31m│   ├── [32mEducation_black_background-removebg.png[0m
[31m│   └── [32mEducation,_Studying,_University,_Alumni_-_icon.png[0m
[31m├── [32mREADME.md[0m
[31m├── [34m.github[0m
[31m│   ├── [34mactions[0m
[31m│   │   └── [34mupdate-readme[0m
[31m│   │       ├── [32mentrypoint.sh[0m
[31m│   │       ├── [32maction.yml[0m
[31m│   │       └── [32mdockerfile[0m
[31m│   └── [34mworkflows[0m
[31m│       └── [32mupdate-readme.yml[0m
[31m├── [32mtree1.out[0m
[31m└── [32mtree.out[0m
[33m
171 directories, 368 files
[0m[91m#################################################
[0m[91mGenerated with tree_colored @ 2023 - © Jean Gomes
[0m[91m#################################################
[0m